[2025-05-24 15:14:28] laravel.EMERGENCY: Unable to create configured logger. Using emergency logger. {"exception":"[object] (InvalidArgumentException(code: 0): Log [] is not defined. at C:\\Users\\lukep\\Desktop\\sortcoll\\laravel-alt\\laravelPair-1\\vendor\\laravel\\framework\\src\\Illuminate\\Log\\LogManager.php:222)
[stacktrace]
#0 C:\\Users\\lukep\\Desktop\\sortcoll\\laravel-alt\\laravelPair-1\\vendor\\laravel\\framework\\src\\Illuminate\\Log\\LogManager.php(138): Illuminate\\Log\\LogManager->resolve('', NULL)
#1 C:\\Users\\lukep\\Desktop\\sortcoll\\laravel-alt\\laravelPair-1\\vendor\\laravel\\framework\\src\\Illuminate\\Log\\LogManager.php(125): Illuminate\\Log\\LogManager->get('')
#2 C:\\Users\\lukep\\Desktop\\sortcoll\\laravel-alt\\laravelPair-1\\vendor\\laravel\\framework\\src\\Illuminate\\Log\\LogManager.php(695): Illuminate\\Log\\LogManager->driver()
#3 C:\\Users\\lukep\\Desktop\\sortcoll\\laravel-alt\\laravelPair-1\\vendor\\laravel\\framework\\src\\Illuminate\\Foundation\\Exceptions\\Handler.php(379): Illuminate\\Log\\LogManager->error('array_merge(): ...', Array)
#4 C:\\Users\\lukep\\Desktop\\sortcoll\\laravel-alt\\laravelPair-1\\vendor\\laravel\\framework\\src\\Illuminate\\Foundation\\Exceptions\\Handler.php(342): Illuminate\\Foundation\\Exceptions\\Handler->reportThrowable(Object(TypeError))
#5 C:\\Users\\lukep\\Desktop\\sortcoll\\laravel-alt\\laravelPair-1\\vendor\\laravel\\framework\\src\\Illuminate\\Foundation\\Console\\Kernel.php(620): Illuminate\\Foundation\\Exceptions\\Handler->report(Object(TypeError))
#6 C:\\Users\\lukep\\Desktop\\sortcoll\\laravel-alt\\laravelPair-1\\vendor\\laravel\\framework\\src\\Illuminate\\Foundation\\Console\\Kernel.php(199): Illuminate\\Foundation\\Console\\Kernel->reportException(Object(TypeError))
#7 Command line code(1): Illuminate\\Foundation\\Console\\Kernel->handle(Object(Symfony\\Component\\Console\\Input\\ArgvInput), Object(Symfony\\Component\\Console\\Output\\ConsoleOutput))
#8 {main}
"} 
[2025-05-24 15:14:28] laravel.ERROR: array_merge(): Argument #2 must be of type array, int given {"exception":"[object] (TypeError(code: 0): array_merge(): Argument #2 must be of type array, int given at C:\\Users\\lukep\\Desktop\\sortcoll\\laravel-alt\\laravelPair-1\\vendor\\laravel\\framework\\src\\Illuminate\\Foundation\\Bootstrap\\LoadConfiguration.php:99)
[stacktrace]
#0 C:\\Users\\lukep\\Desktop\\sortcoll\\laravel-alt\\laravelPair-1\\vendor\\laravel\\framework\\src\\Illuminate\\Foundation\\Bootstrap\\LoadConfiguration.php(99): array_merge(Array, 1)
#1 C:\\Users\\lukep\\Desktop\\sortcoll\\laravel-alt\\laravelPair-1\\vendor\\laravel\\framework\\src\\Illuminate\\Foundation\\Bootstrap\\LoadConfiguration.php(77): Illuminate\\Foundation\\Bootstrap\\LoadConfiguration->loadConfigurationFile(Object(Illuminate\\Config\\Repository), 'broadcasting', 'C:\\\\Users\\\\lukep\\\\...', Array)
#2 C:\\Users\\lukep\\Desktop\\sortcoll\\laravel-alt\\laravelPair-1\\vendor\\laravel\\framework\\src\\Illuminate\\Foundation\\Bootstrap\\LoadConfiguration.php(38): Illuminate\\Foundation\\Bootstrap\\LoadConfiguration->loadConfigurationFiles(Object(Illuminate\\Foundation\\Application), Object(Illuminate\\Config\\Repository))
#3 C:\\Users\\lukep\\Desktop\\sortcoll\\laravel-alt\\laravelPair-1\\vendor\\laravel\\framework\\src\\Illuminate\\Foundation\\Application.php(341): Illuminate\\Foundation\\Bootstrap\\LoadConfiguration->bootstrap(Object(Illuminate\\Foundation\\Application))
#4 C:\\Users\\lukep\\Desktop\\sortcoll\\laravel-alt\\laravelPair-1\\vendor\\laravel\\framework\\src\\Illuminate\\Foundation\\Console\\Kernel.php(473): Illuminate\\Foundation\\Application->bootstrapWith(Array)
#5 C:\\Users\\lukep\\Desktop\\sortcoll\\laravel-alt\\laravelPair-1\\vendor\\laravel\\framework\\src\\Illuminate\\Foundation\\Console\\Kernel.php(195): Illuminate\\Foundation\\Console\\Kernel->bootstrap()
#6 Command line code(1): Illuminate\\Foundation\\Console\\Kernel->handle(Object(Symfony\\Component\\Console\\Input\\ArgvInput), Object(Symfony\\Component\\Console\\Output\\ConsoleOutput))
#7 {main}
"} 
[2025-05-24 13:21:30] local.ERROR: Unable to parse URI: https://:443 {"exception":"[object] (GuzzleHttp\\Psr7\\Exception\\MalformedUriException(code: 0): Unable to parse URI: https://:443 at C:\\Users\\lukep\\Desktop\\sortcoll\\laravel-alt\\laravelPair-1\\vendor\\guzzlehttp\\psr7\\src\\Uri.php:85)
[stacktrace]
#0 C:\\Users\\lukep\\Desktop\\sortcoll\\laravel-alt\\laravelPair-1\\vendor\\guzzlehttp\\psr7\\src\\Utils.php(472): GuzzleHttp\\Psr7\\Uri->__construct('https://:443')
#1 C:\\Users\\lukep\\Desktop\\sortcoll\\laravel-alt\\laravelPair-1\\vendor\\guzzlehttp\\guzzle\\src\\Client.php(215): GuzzleHttp\\Psr7\\Utils::uriFor('https://:443')
#2 C:\\Users\\lukep\\Desktop\\sortcoll\\laravel-alt\\laravelPair-1\\vendor\\guzzlehttp\\guzzle\\src\\Client.php(161): GuzzleHttp\\Client->buildUri(Object(GuzzleHttp\\Psr7\\Uri), Array)
#3 C:\\Users\\lukep\\Desktop\\sortcoll\\laravel-alt\\laravelPair-1\\vendor\\guzzlehttp\\guzzle\\src\\Client.php(189): GuzzleHttp\\Client->requestAsync('POST', 'apps/1997710/ev...', Array)
#4 C:\\Users\\lukep\\Desktop\\sortcoll\\laravel-alt\\laravelPair-1\\vendor\\guzzlehttp\\guzzle\\src\\ClientTrait.php(95): GuzzleHttp\\Client->request('POST', 'apps/1997710/ev...', Array)
#5 C:\\Users\\lukep\\Desktop\\sortcoll\\laravel-alt\\laravelPair-1\\vendor\\pusher\\pusher-php-server\\src\\Pusher.php(776): GuzzleHttp\\Client->post('apps/1997710/ev...', Array)
#6 C:\\Users\\lukep\\Desktop\\sortcoll\\laravel-alt\\laravelPair-1\\vendor\\pusher\\pusher-php-server\\src\\Pusher.php(441): Pusher\\Pusher->post('/apps/1997710/e...', '{\"name\":\"App\\\\\\\\E...')
#7 C:\\Users\\lukep\\Desktop\\sortcoll\\laravel-alt\\laravelPair-1\\vendor\\laravel\\framework\\src\\Illuminate\\Broadcasting\\Broadcasters\\PusherBroadcaster.php(160): Pusher\\Pusher->trigger(Array, 'App\\\\Events\\\\Grou...', Array, Array)
#8 C:\\Users\\lukep\\Desktop\\sortcoll\\laravel-alt\\laravelPair-1\\vendor\\laravel\\framework\\src\\Illuminate\\Collections\\Traits\\EnumeratesValues.php(274): Illuminate\\Broadcasting\\Broadcasters\\PusherBroadcaster->Illuminate\\Broadcasting\\Broadcasters\\{closure}(Object(Illuminate\\Support\\Collection), 0)
#9 C:\\Users\\lukep\\Desktop\\sortcoll\\laravel-alt\\laravelPair-1\\vendor\\laravel\\framework\\src\\Illuminate\\Broadcasting\\Broadcasters\\PusherBroadcaster.php(159): Illuminate\\Support\\Collection->each(Object(Closure))
#10 C:\\Users\\lukep\\Desktop\\sortcoll\\laravel-alt\\laravelPair-1\\vendor\\laravel\\framework\\src\\Illuminate\\Broadcasting\\BroadcastEvent.php(93): Illuminate\\Broadcasting\\Broadcasters\\PusherBroadcaster->broadcast(Object(Illuminate\\Support\\Collection), 'App\\\\Events\\\\Grou...', Array)
#11 C:\\Users\\lukep\\Desktop\\sortcoll\\laravel-alt\\laravelPair-1\\vendor\\laravel\\framework\\src\\Illuminate\\Container\\BoundMethod.php(36): Illuminate\\Broadcasting\\BroadcastEvent->handle(Object(Illuminate\\Broadcasting\\BroadcastManager))
#12 C:\\Users\\lukep\\Desktop\\sortcoll\\laravel-alt\\laravelPair-1\\vendor\\laravel\\framework\\src\\Illuminate\\Container\\Util.php(43): Illuminate\\Container\\BoundMethod::Illuminate\\Container\\{closure}()
#13 C:\\Users\\lukep\\Desktop\\sortcoll\\laravel-alt\\laravelPair-1\\vendor\\laravel\\framework\\src\\Illuminate\\Container\\BoundMethod.php(96): Illuminate\\Container\\Util::unwrapIfClosure(Object(Closure))
#14 C:\\Users\\lukep\\Desktop\\sortcoll\\laravel-alt\\laravelPair-1\\vendor\\laravel\\framework\\src\\Illuminate\\Container\\BoundMethod.php(35): Illuminate\\Container\\BoundMethod::callBoundMethod(Object(Illuminate\\Foundation\\Application), Array, Object(Closure))
#15 C:\\Users\\lukep\\Desktop\\sortcoll\\laravel-alt\\laravelPair-1\\vendor\\laravel\\framework\\src\\Illuminate\\Container\\Container.php(754): Illuminate\\Container\\BoundMethod::call(Object(Illuminate\\Foundation\\Application), Array, Array, NULL)
#16 C:\\Users\\lukep\\Desktop\\sortcoll\\laravel-alt\\laravelPair-1\\vendor\\laravel\\framework\\src\\Illuminate\\Bus\\Dispatcher.php(132): Illuminate\\Container\\Container->call(Array)
#17 C:\\Users\\lukep\\Desktop\\sortcoll\\laravel-alt\\laravelPair-1\\vendor\\laravel\\framework\\src\\Illuminate\\Pipeline\\Pipeline.php(169): Illuminate\\Bus\\Dispatcher->Illuminate\\Bus\\{closure}(Object(Illuminate\\Broadcasting\\BroadcastEvent))
#18 C:\\Users\\lukep\\Desktop\\sortcoll\\laravel-alt\\laravelPair-1\\vendor\\laravel\\framework\\src\\Illuminate\\Pipeline\\Pipeline.php(126): Illuminate\\Pipeline\\Pipeline->Illuminate\\Pipeline\\{closure}(Object(Illuminate\\Broadcasting\\BroadcastEvent))
#19 C:\\Users\\lukep\\Desktop\\sortcoll\\laravel-alt\\laravelPair-1\\vendor\\laravel\\framework\\src\\Illuminate\\Bus\\Dispatcher.php(136): Illuminate\\Pipeline\\Pipeline->then(Object(Closure))
#20 C:\\Users\\lukep\\Desktop\\sortcoll\\laravel-alt\\laravelPair-1\\vendor\\laravel\\framework\\src\\Illuminate\\Queue\\CallQueuedHandler.php(125): Illuminate\\Bus\\Dispatcher->dispatchNow(Object(Illuminate\\Broadcasting\\BroadcastEvent), false)
#21 C:\\Users\\lukep\\Desktop\\sortcoll\\laravel-alt\\laravelPair-1\\vendor\\laravel\\framework\\src\\Illuminate\\Pipeline\\Pipeline.php(169): Illuminate\\Queue\\CallQueuedHandler->Illuminate\\Queue\\{closure}(Object(Illuminate\\Broadcasting\\BroadcastEvent))
#22 C:\\Users\\lukep\\Desktop\\sortcoll\\laravel-alt\\laravelPair-1\\vendor\\laravel\\framework\\src\\Illuminate\\Pipeline\\Pipeline.php(126): Illuminate\\Pipeline\\Pipeline->Illuminate\\Pipeline\\{closure}(Object(Illuminate\\Broadcasting\\BroadcastEvent))
#23 C:\\Users\\lukep\\Desktop\\sortcoll\\laravel-alt\\laravelPair-1\\vendor\\laravel\\framework\\src\\Illuminate\\Queue\\CallQueuedHandler.php(120): Illuminate\\Pipeline\\Pipeline->then(Object(Closure))
#24 C:\\Users\\lukep\\Desktop\\sortcoll\\laravel-alt\\laravelPair-1\\vendor\\laravel\\framework\\src\\Illuminate\\Queue\\CallQueuedHandler.php(68): Illuminate\\Queue\\CallQueuedHandler->dispatchThroughMiddleware(Object(Illuminate\\Queue\\Jobs\\DatabaseJob), Object(Illuminate\\Broadcasting\\BroadcastEvent))
#25 C:\\Users\\lukep\\Desktop\\sortcoll\\laravel-alt\\laravelPair-1\\vendor\\laravel\\framework\\src\\Illuminate\\Queue\\Jobs\\Job.php(102): Illuminate\\Queue\\CallQueuedHandler->call(Object(Illuminate\\Queue\\Jobs\\DatabaseJob), Array)
#26 C:\\Users\\lukep\\Desktop\\sortcoll\\laravel-alt\\laravelPair-1\\vendor\\laravel\\framework\\src\\Illuminate\\Queue\\Worker.php(441): Illuminate\\Queue\\Jobs\\Job->fire()
#27 C:\\Users\\lukep\\Desktop\\sortcoll\\laravel-alt\\laravelPair-1\\vendor\\laravel\\framework\\src\\Illuminate\\Queue\\Worker.php(391): Illuminate\\Queue\\Worker->process('database', Object(Illuminate\\Queue\\Jobs\\DatabaseJob), Object(Illuminate\\Queue\\WorkerOptions))
#28 C:\\Users\\lukep\\Desktop\\sortcoll\\laravel-alt\\laravelPair-1\\vendor\\laravel\\framework\\src\\Illuminate\\Queue\\Worker.php(177): Illuminate\\Queue\\Worker->runJob(Object(Illuminate\\Queue\\Jobs\\DatabaseJob), 'database', Object(Illuminate\\Queue\\WorkerOptions))
#29 C:\\Users\\lukep\\Desktop\\sortcoll\\laravel-alt\\laravelPair-1\\vendor\\laravel\\framework\\src\\Illuminate\\Queue\\Console\\WorkCommand.php(148): Illuminate\\Queue\\Worker->daemon('database', 'default', Object(Illuminate\\Queue\\WorkerOptions))
#30 C:\\Users\\lukep\\Desktop\\sortcoll\\laravel-alt\\laravelPair-1\\vendor\\laravel\\framework\\src\\Illuminate\\Queue\\Console\\WorkCommand.php(131): Illuminate\\Queue\\Console\\WorkCommand->runWorker('database', 'default')
#31 C:\\Users\\lukep\\Desktop\\sortcoll\\laravel-alt\\laravelPair-1\\vendor\\laravel\\framework\\src\\Illuminate\\Container\\BoundMethod.php(36): Illuminate\\Queue\\Console\\WorkCommand->handle()
#32 C:\\Users\\lukep\\Desktop\\sortcoll\\laravel-alt\\laravelPair-1\\vendor\\laravel\\framework\\src\\Illuminate\\Container\\Util.php(43): Illuminate\\Container\\BoundMethod::Illuminate\\Container\\{closure}()
#33 C:\\Users\\lukep\\Desktop\\sortcoll\\laravel-alt\\laravelPair-1\\vendor\\laravel\\framework\\src\\Illuminate\\Container\\BoundMethod.php(96): Illuminate\\Container\\Util::unwrapIfClosure(Object(Closure))
#34 C:\\Users\\lukep\\Desktop\\sortcoll\\laravel-alt\\laravelPair-1\\vendor\\laravel\\framework\\src\\Illuminate\\Container\\BoundMethod.php(35): Illuminate\\Container\\BoundMethod::callBoundMethod(Object(Illuminate\\Foundation\\Application), Array, Object(Closure))
#35 C:\\Users\\lukep\\Desktop\\sortcoll\\laravel-alt\\laravelPair-1\\vendor\\laravel\\framework\\src\\Illuminate\\Container\\Container.php(754): Illuminate\\Container\\BoundMethod::call(Object(Illuminate\\Foundation\\Application), Array, Array, NULL)
#36 C:\\Users\\lukep\\Desktop\\sortcoll\\laravel-alt\\laravelPair-1\\vendor\\laravel\\framework\\src\\Illuminate\\Console\\Command.php(211): Illuminate\\Container\\Container->call(Array)
#37 C:\\Users\\lukep\\Desktop\\sortcoll\\laravel-alt\\laravelPair-1\\vendor\\symfony\\console\\Command\\Command.php(279): Illuminate\\Console\\Command->execute(Object(Symfony\\Component\\Console\\Input\\ArgvInput), Object(Illuminate\\Console\\OutputStyle))
#38 C:\\Users\\lukep\\Desktop\\sortcoll\\laravel-alt\\laravelPair-1\\vendor\\laravel\\framework\\src\\Illuminate\\Console\\Command.php(180): Symfony\\Component\\Console\\Command\\Command->run(Object(Symfony\\Component\\Console\\Input\\ArgvInput), Object(Illuminate\\Console\\OutputStyle))
#39 C:\\Users\\lukep\\Desktop\\sortcoll\\laravel-alt\\laravelPair-1\\vendor\\symfony\\console\\Application.php(1094): Illuminate\\Console\\Command->run(Object(Symfony\\Component\\Console\\Input\\ArgvInput), Object(Symfony\\Component\\Console\\Output\\ConsoleOutput))
#40 C:\\Users\\lukep\\Desktop\\sortcoll\\laravel-alt\\laravelPair-1\\vendor\\symfony\\console\\Application.php(342): Symfony\\Component\\Console\\Application->doRunCommand(Object(Illuminate\\Queue\\Console\\WorkCommand), Object(Symfony\\Component\\Console\\Input\\ArgvInput), Object(Symfony\\Component\\Console\\Output\\ConsoleOutput))
#41 C:\\Users\\lukep\\Desktop\\sortcoll\\laravel-alt\\laravelPair-1\\vendor\\symfony\\console\\Application.php(193): Symfony\\Component\\Console\\Application->doRun(Object(Symfony\\Component\\Console\\Input\\ArgvInput), Object(Symfony\\Component\\Console\\Output\\ConsoleOutput))
#42 C:\\Users\\lukep\\Desktop\\sortcoll\\laravel-alt\\laravelPair-1\\vendor\\laravel\\framework\\src\\Illuminate\\Foundation\\Console\\Kernel.php(197): Symfony\\Component\\Console\\Application->run(Object(Symfony\\Component\\Console\\Input\\ArgvInput), Object(Symfony\\Component\\Console\\Output\\ConsoleOutput))
#43 C:\\Users\\lukep\\Desktop\\sortcoll\\laravel-alt\\laravelPair-1\\vendor\\laravel\\framework\\src\\Illuminate\\Foundation\\Application.php(1234): Illuminate\\Foundation\\Console\\Kernel->handle(Object(Symfony\\Component\\Console\\Input\\ArgvInput), Object(Symfony\\Component\\Console\\Output\\ConsoleOutput))
#44 C:\\Users\\lukep\\Desktop\\sortcoll\\laravel-alt\\laravelPair-1\\artisan(16): Illuminate\\Foundation\\Application->handleCommand(Object(Symfony\\Component\\Console\\Input\\ArgvInput))
#45 {main}
"} 
[2025-05-24 13:21:30] local.ERROR: Unable to parse URI: https://:443 {"exception":"[object] (GuzzleHttp\\Psr7\\Exception\\MalformedUriException(code: 0): Unable to parse URI: https://:443 at C:\\Users\\lukep\\Desktop\\sortcoll\\laravel-alt\\laravelPair-1\\vendor\\guzzlehttp\\psr7\\src\\Uri.php:85)
[stacktrace]
#0 C:\\Users\\lukep\\Desktop\\sortcoll\\laravel-alt\\laravelPair-1\\vendor\\guzzlehttp\\psr7\\src\\Utils.php(472): GuzzleHttp\\Psr7\\Uri->__construct('https://:443')
#1 C:\\Users\\lukep\\Desktop\\sortcoll\\laravel-alt\\laravelPair-1\\vendor\\guzzlehttp\\guzzle\\src\\Client.php(215): GuzzleHttp\\Psr7\\Utils::uriFor('https://:443')
#2 C:\\Users\\lukep\\Desktop\\sortcoll\\laravel-alt\\laravelPair-1\\vendor\\guzzlehttp\\guzzle\\src\\Client.php(161): GuzzleHttp\\Client->buildUri(Object(GuzzleHttp\\Psr7\\Uri), Array)
#3 C:\\Users\\lukep\\Desktop\\sortcoll\\laravel-alt\\laravelPair-1\\vendor\\guzzlehttp\\guzzle\\src\\Client.php(189): GuzzleHttp\\Client->requestAsync('POST', 'apps/1997710/ev...', Array)
#4 C:\\Users\\lukep\\Desktop\\sortcoll\\laravel-alt\\laravelPair-1\\vendor\\guzzlehttp\\guzzle\\src\\ClientTrait.php(95): GuzzleHttp\\Client->request('POST', 'apps/1997710/ev...', Array)
#5 C:\\Users\\lukep\\Desktop\\sortcoll\\laravel-alt\\laravelPair-1\\vendor\\pusher\\pusher-php-server\\src\\Pusher.php(776): GuzzleHttp\\Client->post('apps/1997710/ev...', Array)
#6 C:\\Users\\lukep\\Desktop\\sortcoll\\laravel-alt\\laravelPair-1\\vendor\\pusher\\pusher-php-server\\src\\Pusher.php(441): Pusher\\Pusher->post('/apps/1997710/e...', '{\"name\":\"App\\\\\\\\E...')
#7 C:\\Users\\lukep\\Desktop\\sortcoll\\laravel-alt\\laravelPair-1\\vendor\\laravel\\framework\\src\\Illuminate\\Broadcasting\\Broadcasters\\PusherBroadcaster.php(160): Pusher\\Pusher->trigger(Array, 'App\\\\Events\\\\Grou...', Array, Array)
#8 C:\\Users\\lukep\\Desktop\\sortcoll\\laravel-alt\\laravelPair-1\\vendor\\laravel\\framework\\src\\Illuminate\\Collections\\Traits\\EnumeratesValues.php(274): Illuminate\\Broadcasting\\Broadcasters\\PusherBroadcaster->Illuminate\\Broadcasting\\Broadcasters\\{closure}(Object(Illuminate\\Support\\Collection), 0)
#9 C:\\Users\\lukep\\Desktop\\sortcoll\\laravel-alt\\laravelPair-1\\vendor\\laravel\\framework\\src\\Illuminate\\Broadcasting\\Broadcasters\\PusherBroadcaster.php(159): Illuminate\\Support\\Collection->each(Object(Closure))
#10 C:\\Users\\lukep\\Desktop\\sortcoll\\laravel-alt\\laravelPair-1\\vendor\\laravel\\framework\\src\\Illuminate\\Broadcasting\\BroadcastEvent.php(93): Illuminate\\Broadcasting\\Broadcasters\\PusherBroadcaster->broadcast(Object(Illuminate\\Support\\Collection), 'App\\\\Events\\\\Grou...', Array)
#11 C:\\Users\\lukep\\Desktop\\sortcoll\\laravel-alt\\laravelPair-1\\vendor\\laravel\\framework\\src\\Illuminate\\Container\\BoundMethod.php(36): Illuminate\\Broadcasting\\BroadcastEvent->handle(Object(Illuminate\\Broadcasting\\BroadcastManager))
#12 C:\\Users\\lukep\\Desktop\\sortcoll\\laravel-alt\\laravelPair-1\\vendor\\laravel\\framework\\src\\Illuminate\\Container\\Util.php(43): Illuminate\\Container\\BoundMethod::Illuminate\\Container\\{closure}()
#13 C:\\Users\\lukep\\Desktop\\sortcoll\\laravel-alt\\laravelPair-1\\vendor\\laravel\\framework\\src\\Illuminate\\Container\\BoundMethod.php(96): Illuminate\\Container\\Util::unwrapIfClosure(Object(Closure))
#14 C:\\Users\\lukep\\Desktop\\sortcoll\\laravel-alt\\laravelPair-1\\vendor\\laravel\\framework\\src\\Illuminate\\Container\\BoundMethod.php(35): Illuminate\\Container\\BoundMethod::callBoundMethod(Object(Illuminate\\Foundation\\Application), Array, Object(Closure))
#15 C:\\Users\\lukep\\Desktop\\sortcoll\\laravel-alt\\laravelPair-1\\vendor\\laravel\\framework\\src\\Illuminate\\Container\\Container.php(754): Illuminate\\Container\\BoundMethod::call(Object(Illuminate\\Foundation\\Application), Array, Array, NULL)
#16 C:\\Users\\lukep\\Desktop\\sortcoll\\laravel-alt\\laravelPair-1\\vendor\\laravel\\framework\\src\\Illuminate\\Bus\\Dispatcher.php(132): Illuminate\\Container\\Container->call(Array)
#17 C:\\Users\\lukep\\Desktop\\sortcoll\\laravel-alt\\laravelPair-1\\vendor\\laravel\\framework\\src\\Illuminate\\Pipeline\\Pipeline.php(169): Illuminate\\Bus\\Dispatcher->Illuminate\\Bus\\{closure}(Object(Illuminate\\Broadcasting\\BroadcastEvent))
#18 C:\\Users\\lukep\\Desktop\\sortcoll\\laravel-alt\\laravelPair-1\\vendor\\laravel\\framework\\src\\Illuminate\\Pipeline\\Pipeline.php(126): Illuminate\\Pipeline\\Pipeline->Illuminate\\Pipeline\\{closure}(Object(Illuminate\\Broadcasting\\BroadcastEvent))
#19 C:\\Users\\lukep\\Desktop\\sortcoll\\laravel-alt\\laravelPair-1\\vendor\\laravel\\framework\\src\\Illuminate\\Bus\\Dispatcher.php(136): Illuminate\\Pipeline\\Pipeline->then(Object(Closure))
#20 C:\\Users\\lukep\\Desktop\\sortcoll\\laravel-alt\\laravelPair-1\\vendor\\laravel\\framework\\src\\Illuminate\\Queue\\CallQueuedHandler.php(125): Illuminate\\Bus\\Dispatcher->dispatchNow(Object(Illuminate\\Broadcasting\\BroadcastEvent), false)
#21 C:\\Users\\lukep\\Desktop\\sortcoll\\laravel-alt\\laravelPair-1\\vendor\\laravel\\framework\\src\\Illuminate\\Pipeline\\Pipeline.php(169): Illuminate\\Queue\\CallQueuedHandler->Illuminate\\Queue\\{closure}(Object(Illuminate\\Broadcasting\\BroadcastEvent))
#22 C:\\Users\\lukep\\Desktop\\sortcoll\\laravel-alt\\laravelPair-1\\vendor\\laravel\\framework\\src\\Illuminate\\Pipeline\\Pipeline.php(126): Illuminate\\Pipeline\\Pipeline->Illuminate\\Pipeline\\{closure}(Object(Illuminate\\Broadcasting\\BroadcastEvent))
#23 C:\\Users\\lukep\\Desktop\\sortcoll\\laravel-alt\\laravelPair-1\\vendor\\laravel\\framework\\src\\Illuminate\\Queue\\CallQueuedHandler.php(120): Illuminate\\Pipeline\\Pipeline->then(Object(Closure))
#24 C:\\Users\\lukep\\Desktop\\sortcoll\\laravel-alt\\laravelPair-1\\vendor\\laravel\\framework\\src\\Illuminate\\Queue\\CallQueuedHandler.php(68): Illuminate\\Queue\\CallQueuedHandler->dispatchThroughMiddleware(Object(Illuminate\\Queue\\Jobs\\DatabaseJob), Object(Illuminate\\Broadcasting\\BroadcastEvent))
#25 C:\\Users\\lukep\\Desktop\\sortcoll\\laravel-alt\\laravelPair-1\\vendor\\laravel\\framework\\src\\Illuminate\\Queue\\Jobs\\Job.php(102): Illuminate\\Queue\\CallQueuedHandler->call(Object(Illuminate\\Queue\\Jobs\\DatabaseJob), Array)
#26 C:\\Users\\lukep\\Desktop\\sortcoll\\laravel-alt\\laravelPair-1\\vendor\\laravel\\framework\\src\\Illuminate\\Queue\\Worker.php(441): Illuminate\\Queue\\Jobs\\Job->fire()
#27 C:\\Users\\lukep\\Desktop\\sortcoll\\laravel-alt\\laravelPair-1\\vendor\\laravel\\framework\\src\\Illuminate\\Queue\\Worker.php(391): Illuminate\\Queue\\Worker->process('database', Object(Illuminate\\Queue\\Jobs\\DatabaseJob), Object(Illuminate\\Queue\\WorkerOptions))
#28 C:\\Users\\lukep\\Desktop\\sortcoll\\laravel-alt\\laravelPair-1\\vendor\\laravel\\framework\\src\\Illuminate\\Queue\\Worker.php(177): Illuminate\\Queue\\Worker->runJob(Object(Illuminate\\Queue\\Jobs\\DatabaseJob), 'database', Object(Illuminate\\Queue\\WorkerOptions))
#29 C:\\Users\\lukep\\Desktop\\sortcoll\\laravel-alt\\laravelPair-1\\vendor\\laravel\\framework\\src\\Illuminate\\Queue\\Console\\WorkCommand.php(148): Illuminate\\Queue\\Worker->daemon('database', 'default', Object(Illuminate\\Queue\\WorkerOptions))
#30 C:\\Users\\lukep\\Desktop\\sortcoll\\laravel-alt\\laravelPair-1\\vendor\\laravel\\framework\\src\\Illuminate\\Queue\\Console\\WorkCommand.php(131): Illuminate\\Queue\\Console\\WorkCommand->runWorker('database', 'default')
#31 C:\\Users\\lukep\\Desktop\\sortcoll\\laravel-alt\\laravelPair-1\\vendor\\laravel\\framework\\src\\Illuminate\\Container\\BoundMethod.php(36): Illuminate\\Queue\\Console\\WorkCommand->handle()
#32 C:\\Users\\lukep\\Desktop\\sortcoll\\laravel-alt\\laravelPair-1\\vendor\\laravel\\framework\\src\\Illuminate\\Container\\Util.php(43): Illuminate\\Container\\BoundMethod::Illuminate\\Container\\{closure}()
#33 C:\\Users\\lukep\\Desktop\\sortcoll\\laravel-alt\\laravelPair-1\\vendor\\laravel\\framework\\src\\Illuminate\\Container\\BoundMethod.php(96): Illuminate\\Container\\Util::unwrapIfClosure(Object(Closure))
#34 C:\\Users\\lukep\\Desktop\\sortcoll\\laravel-alt\\laravelPair-1\\vendor\\laravel\\framework\\src\\Illuminate\\Container\\BoundMethod.php(35): Illuminate\\Container\\BoundMethod::callBoundMethod(Object(Illuminate\\Foundation\\Application), Array, Object(Closure))
#35 C:\\Users\\lukep\\Desktop\\sortcoll\\laravel-alt\\laravelPair-1\\vendor\\laravel\\framework\\src\\Illuminate\\Container\\Container.php(754): Illuminate\\Container\\BoundMethod::call(Object(Illuminate\\Foundation\\Application), Array, Array, NULL)
#36 C:\\Users\\lukep\\Desktop\\sortcoll\\laravel-alt\\laravelPair-1\\vendor\\laravel\\framework\\src\\Illuminate\\Console\\Command.php(211): Illuminate\\Container\\Container->call(Array)
#37 C:\\Users\\lukep\\Desktop\\sortcoll\\laravel-alt\\laravelPair-1\\vendor\\symfony\\console\\Command\\Command.php(279): Illuminate\\Console\\Command->execute(Object(Symfony\\Component\\Console\\Input\\ArgvInput), Object(Illuminate\\Console\\OutputStyle))
#38 C:\\Users\\lukep\\Desktop\\sortcoll\\laravel-alt\\laravelPair-1\\vendor\\laravel\\framework\\src\\Illuminate\\Console\\Command.php(180): Symfony\\Component\\Console\\Command\\Command->run(Object(Symfony\\Component\\Console\\Input\\ArgvInput), Object(Illuminate\\Console\\OutputStyle))
#39 C:\\Users\\lukep\\Desktop\\sortcoll\\laravel-alt\\laravelPair-1\\vendor\\symfony\\console\\Application.php(1094): Illuminate\\Console\\Command->run(Object(Symfony\\Component\\Console\\Input\\ArgvInput), Object(Symfony\\Component\\Console\\Output\\ConsoleOutput))
#40 C:\\Users\\lukep\\Desktop\\sortcoll\\laravel-alt\\laravelPair-1\\vendor\\symfony\\console\\Application.php(342): Symfony\\Component\\Console\\Application->doRunCommand(Object(Illuminate\\Queue\\Console\\WorkCommand), Object(Symfony\\Component\\Console\\Input\\ArgvInput), Object(Symfony\\Component\\Console\\Output\\ConsoleOutput))
#41 C:\\Users\\lukep\\Desktop\\sortcoll\\laravel-alt\\laravelPair-1\\vendor\\symfony\\console\\Application.php(193): Symfony\\Component\\Console\\Application->doRun(Object(Symfony\\Component\\Console\\Input\\ArgvInput), Object(Symfony\\Component\\Console\\Output\\ConsoleOutput))
#42 C:\\Users\\lukep\\Desktop\\sortcoll\\laravel-alt\\laravelPair-1\\vendor\\laravel\\framework\\src\\Illuminate\\Foundation\\Console\\Kernel.php(197): Symfony\\Component\\Console\\Application->run(Object(Symfony\\Component\\Console\\Input\\ArgvInput), Object(Symfony\\Component\\Console\\Output\\ConsoleOutput))
#43 C:\\Users\\lukep\\Desktop\\sortcoll\\laravel-alt\\laravelPair-1\\vendor\\laravel\\framework\\src\\Illuminate\\Foundation\\Application.php(1234): Illuminate\\Foundation\\Console\\Kernel->handle(Object(Symfony\\Component\\Console\\Input\\ArgvInput), Object(Symfony\\Component\\Console\\Output\\ConsoleOutput))
#44 C:\\Users\\lukep\\Desktop\\sortcoll\\laravel-alt\\laravelPair-1\\artisan(16): Illuminate\\Foundation\\Application->handleCommand(Object(Symfony\\Component\\Console\\Input\\ArgvInput))
#45 {main}
"} 
[2025-05-24 13:21:30] local.ERROR: Unable to parse URI: https://:443 {"exception":"[object] (GuzzleHttp\\Psr7\\Exception\\MalformedUriException(code: 0): Unable to parse URI: https://:443 at C:\\Users\\lukep\\Desktop\\sortcoll\\laravel-alt\\laravelPair-1\\vendor\\guzzlehttp\\psr7\\src\\Uri.php:85)
[stacktrace]
#0 C:\\Users\\lukep\\Desktop\\sortcoll\\laravel-alt\\laravelPair-1\\vendor\\guzzlehttp\\psr7\\src\\Utils.php(472): GuzzleHttp\\Psr7\\Uri->__construct('https://:443')
#1 C:\\Users\\lukep\\Desktop\\sortcoll\\laravel-alt\\laravelPair-1\\vendor\\guzzlehttp\\guzzle\\src\\Client.php(215): GuzzleHttp\\Psr7\\Utils::uriFor('https://:443')
#2 C:\\Users\\lukep\\Desktop\\sortcoll\\laravel-alt\\laravelPair-1\\vendor\\guzzlehttp\\guzzle\\src\\Client.php(161): GuzzleHttp\\Client->buildUri(Object(GuzzleHttp\\Psr7\\Uri), Array)
#3 C:\\Users\\lukep\\Desktop\\sortcoll\\laravel-alt\\laravelPair-1\\vendor\\guzzlehttp\\guzzle\\src\\Client.php(189): GuzzleHttp\\Client->requestAsync('POST', 'apps/1997710/ev...', Array)
#4 C:\\Users\\lukep\\Desktop\\sortcoll\\laravel-alt\\laravelPair-1\\vendor\\guzzlehttp\\guzzle\\src\\ClientTrait.php(95): GuzzleHttp\\Client->request('POST', 'apps/1997710/ev...', Array)
#5 C:\\Users\\lukep\\Desktop\\sortcoll\\laravel-alt\\laravelPair-1\\vendor\\pusher\\pusher-php-server\\src\\Pusher.php(776): GuzzleHttp\\Client->post('apps/1997710/ev...', Array)
#6 C:\\Users\\lukep\\Desktop\\sortcoll\\laravel-alt\\laravelPair-1\\vendor\\pusher\\pusher-php-server\\src\\Pusher.php(441): Pusher\\Pusher->post('/apps/1997710/e...', '{\"name\":\"App\\\\\\\\E...')
#7 C:\\Users\\lukep\\Desktop\\sortcoll\\laravel-alt\\laravelPair-1\\vendor\\laravel\\framework\\src\\Illuminate\\Broadcasting\\Broadcasters\\PusherBroadcaster.php(160): Pusher\\Pusher->trigger(Array, 'App\\\\Events\\\\Grou...', Array, Array)
#8 C:\\Users\\lukep\\Desktop\\sortcoll\\laravel-alt\\laravelPair-1\\vendor\\laravel\\framework\\src\\Illuminate\\Collections\\Traits\\EnumeratesValues.php(274): Illuminate\\Broadcasting\\Broadcasters\\PusherBroadcaster->Illuminate\\Broadcasting\\Broadcasters\\{closure}(Object(Illuminate\\Support\\Collection), 0)
#9 C:\\Users\\lukep\\Desktop\\sortcoll\\laravel-alt\\laravelPair-1\\vendor\\laravel\\framework\\src\\Illuminate\\Broadcasting\\Broadcasters\\PusherBroadcaster.php(159): Illuminate\\Support\\Collection->each(Object(Closure))
#10 C:\\Users\\lukep\\Desktop\\sortcoll\\laravel-alt\\laravelPair-1\\vendor\\laravel\\framework\\src\\Illuminate\\Broadcasting\\BroadcastEvent.php(93): Illuminate\\Broadcasting\\Broadcasters\\PusherBroadcaster->broadcast(Object(Illuminate\\Support\\Collection), 'App\\\\Events\\\\Grou...', Array)
#11 C:\\Users\\lukep\\Desktop\\sortcoll\\laravel-alt\\laravelPair-1\\vendor\\laravel\\framework\\src\\Illuminate\\Container\\BoundMethod.php(36): Illuminate\\Broadcasting\\BroadcastEvent->handle(Object(Illuminate\\Broadcasting\\BroadcastManager))
#12 C:\\Users\\lukep\\Desktop\\sortcoll\\laravel-alt\\laravelPair-1\\vendor\\laravel\\framework\\src\\Illuminate\\Container\\Util.php(43): Illuminate\\Container\\BoundMethod::Illuminate\\Container\\{closure}()
#13 C:\\Users\\lukep\\Desktop\\sortcoll\\laravel-alt\\laravelPair-1\\vendor\\laravel\\framework\\src\\Illuminate\\Container\\BoundMethod.php(96): Illuminate\\Container\\Util::unwrapIfClosure(Object(Closure))
#14 C:\\Users\\lukep\\Desktop\\sortcoll\\laravel-alt\\laravelPair-1\\vendor\\laravel\\framework\\src\\Illuminate\\Container\\BoundMethod.php(35): Illuminate\\Container\\BoundMethod::callBoundMethod(Object(Illuminate\\Foundation\\Application), Array, Object(Closure))
#15 C:\\Users\\lukep\\Desktop\\sortcoll\\laravel-alt\\laravelPair-1\\vendor\\laravel\\framework\\src\\Illuminate\\Container\\Container.php(754): Illuminate\\Container\\BoundMethod::call(Object(Illuminate\\Foundation\\Application), Array, Array, NULL)
#16 C:\\Users\\lukep\\Desktop\\sortcoll\\laravel-alt\\laravelPair-1\\vendor\\laravel\\framework\\src\\Illuminate\\Bus\\Dispatcher.php(132): Illuminate\\Container\\Container->call(Array)
#17 C:\\Users\\lukep\\Desktop\\sortcoll\\laravel-alt\\laravelPair-1\\vendor\\laravel\\framework\\src\\Illuminate\\Pipeline\\Pipeline.php(169): Illuminate\\Bus\\Dispatcher->Illuminate\\Bus\\{closure}(Object(Illuminate\\Broadcasting\\BroadcastEvent))
#18 C:\\Users\\lukep\\Desktop\\sortcoll\\laravel-alt\\laravelPair-1\\vendor\\laravel\\framework\\src\\Illuminate\\Pipeline\\Pipeline.php(126): Illuminate\\Pipeline\\Pipeline->Illuminate\\Pipeline\\{closure}(Object(Illuminate\\Broadcasting\\BroadcastEvent))
#19 C:\\Users\\lukep\\Desktop\\sortcoll\\laravel-alt\\laravelPair-1\\vendor\\laravel\\framework\\src\\Illuminate\\Bus\\Dispatcher.php(136): Illuminate\\Pipeline\\Pipeline->then(Object(Closure))
#20 C:\\Users\\lukep\\Desktop\\sortcoll\\laravel-alt\\laravelPair-1\\vendor\\laravel\\framework\\src\\Illuminate\\Queue\\CallQueuedHandler.php(125): Illuminate\\Bus\\Dispatcher->dispatchNow(Object(Illuminate\\Broadcasting\\BroadcastEvent), false)
#21 C:\\Users\\lukep\\Desktop\\sortcoll\\laravel-alt\\laravelPair-1\\vendor\\laravel\\framework\\src\\Illuminate\\Pipeline\\Pipeline.php(169): Illuminate\\Queue\\CallQueuedHandler->Illuminate\\Queue\\{closure}(Object(Illuminate\\Broadcasting\\BroadcastEvent))
#22 C:\\Users\\lukep\\Desktop\\sortcoll\\laravel-alt\\laravelPair-1\\vendor\\laravel\\framework\\src\\Illuminate\\Pipeline\\Pipeline.php(126): Illuminate\\Pipeline\\Pipeline->Illuminate\\Pipeline\\{closure}(Object(Illuminate\\Broadcasting\\BroadcastEvent))
#23 C:\\Users\\lukep\\Desktop\\sortcoll\\laravel-alt\\laravelPair-1\\vendor\\laravel\\framework\\src\\Illuminate\\Queue\\CallQueuedHandler.php(120): Illuminate\\Pipeline\\Pipeline->then(Object(Closure))
#24 C:\\Users\\lukep\\Desktop\\sortcoll\\laravel-alt\\laravelPair-1\\vendor\\laravel\\framework\\src\\Illuminate\\Queue\\CallQueuedHandler.php(68): Illuminate\\Queue\\CallQueuedHandler->dispatchThroughMiddleware(Object(Illuminate\\Queue\\Jobs\\DatabaseJob), Object(Illuminate\\Broadcasting\\BroadcastEvent))
#25 C:\\Users\\lukep\\Desktop\\sortcoll\\laravel-alt\\laravelPair-1\\vendor\\laravel\\framework\\src\\Illuminate\\Queue\\Jobs\\Job.php(102): Illuminate\\Queue\\CallQueuedHandler->call(Object(Illuminate\\Queue\\Jobs\\DatabaseJob), Array)
#26 C:\\Users\\lukep\\Desktop\\sortcoll\\laravel-alt\\laravelPair-1\\vendor\\laravel\\framework\\src\\Illuminate\\Queue\\Worker.php(441): Illuminate\\Queue\\Jobs\\Job->fire()
#27 C:\\Users\\lukep\\Desktop\\sortcoll\\laravel-alt\\laravelPair-1\\vendor\\laravel\\framework\\src\\Illuminate\\Queue\\Worker.php(391): Illuminate\\Queue\\Worker->process('database', Object(Illuminate\\Queue\\Jobs\\DatabaseJob), Object(Illuminate\\Queue\\WorkerOptions))
#28 C:\\Users\\lukep\\Desktop\\sortcoll\\laravel-alt\\laravelPair-1\\vendor\\laravel\\framework\\src\\Illuminate\\Queue\\Worker.php(177): Illuminate\\Queue\\Worker->runJob(Object(Illuminate\\Queue\\Jobs\\DatabaseJob), 'database', Object(Illuminate\\Queue\\WorkerOptions))
#29 C:\\Users\\lukep\\Desktop\\sortcoll\\laravel-alt\\laravelPair-1\\vendor\\laravel\\framework\\src\\Illuminate\\Queue\\Console\\WorkCommand.php(148): Illuminate\\Queue\\Worker->daemon('database', 'default', Object(Illuminate\\Queue\\WorkerOptions))
#30 C:\\Users\\lukep\\Desktop\\sortcoll\\laravel-alt\\laravelPair-1\\vendor\\laravel\\framework\\src\\Illuminate\\Queue\\Console\\WorkCommand.php(131): Illuminate\\Queue\\Console\\WorkCommand->runWorker('database', 'default')
#31 C:\\Users\\lukep\\Desktop\\sortcoll\\laravel-alt\\laravelPair-1\\vendor\\laravel\\framework\\src\\Illuminate\\Container\\BoundMethod.php(36): Illuminate\\Queue\\Console\\WorkCommand->handle()
#32 C:\\Users\\lukep\\Desktop\\sortcoll\\laravel-alt\\laravelPair-1\\vendor\\laravel\\framework\\src\\Illuminate\\Container\\Util.php(43): Illuminate\\Container\\BoundMethod::Illuminate\\Container\\{closure}()
#33 C:\\Users\\lukep\\Desktop\\sortcoll\\laravel-alt\\laravelPair-1\\vendor\\laravel\\framework\\src\\Illuminate\\Container\\BoundMethod.php(96): Illuminate\\Container\\Util::unwrapIfClosure(Object(Closure))
#34 C:\\Users\\lukep\\Desktop\\sortcoll\\laravel-alt\\laravelPair-1\\vendor\\laravel\\framework\\src\\Illuminate\\Container\\BoundMethod.php(35): Illuminate\\Container\\BoundMethod::callBoundMethod(Object(Illuminate\\Foundation\\Application), Array, Object(Closure))
#35 C:\\Users\\lukep\\Desktop\\sortcoll\\laravel-alt\\laravelPair-1\\vendor\\laravel\\framework\\src\\Illuminate\\Container\\Container.php(754): Illuminate\\Container\\BoundMethod::call(Object(Illuminate\\Foundation\\Application), Array, Array, NULL)
#36 C:\\Users\\lukep\\Desktop\\sortcoll\\laravel-alt\\laravelPair-1\\vendor\\laravel\\framework\\src\\Illuminate\\Console\\Command.php(211): Illuminate\\Container\\Container->call(Array)
#37 C:\\Users\\lukep\\Desktop\\sortcoll\\laravel-alt\\laravelPair-1\\vendor\\symfony\\console\\Command\\Command.php(279): Illuminate\\Console\\Command->execute(Object(Symfony\\Component\\Console\\Input\\ArgvInput), Object(Illuminate\\Console\\OutputStyle))
#38 C:\\Users\\lukep\\Desktop\\sortcoll\\laravel-alt\\laravelPair-1\\vendor\\laravel\\framework\\src\\Illuminate\\Console\\Command.php(180): Symfony\\Component\\Console\\Command\\Command->run(Object(Symfony\\Component\\Console\\Input\\ArgvInput), Object(Illuminate\\Console\\OutputStyle))
#39 C:\\Users\\lukep\\Desktop\\sortcoll\\laravel-alt\\laravelPair-1\\vendor\\symfony\\console\\Application.php(1094): Illuminate\\Console\\Command->run(Object(Symfony\\Component\\Console\\Input\\ArgvInput), Object(Symfony\\Component\\Console\\Output\\ConsoleOutput))
#40 C:\\Users\\lukep\\Desktop\\sortcoll\\laravel-alt\\laravelPair-1\\vendor\\symfony\\console\\Application.php(342): Symfony\\Component\\Console\\Application->doRunCommand(Object(Illuminate\\Queue\\Console\\WorkCommand), Object(Symfony\\Component\\Console\\Input\\ArgvInput), Object(Symfony\\Component\\Console\\Output\\ConsoleOutput))
#41 C:\\Users\\lukep\\Desktop\\sortcoll\\laravel-alt\\laravelPair-1\\vendor\\symfony\\console\\Application.php(193): Symfony\\Component\\Console\\Application->doRun(Object(Symfony\\Component\\Console\\Input\\ArgvInput), Object(Symfony\\Component\\Console\\Output\\ConsoleOutput))
#42 C:\\Users\\lukep\\Desktop\\sortcoll\\laravel-alt\\laravelPair-1\\vendor\\laravel\\framework\\src\\Illuminate\\Foundation\\Console\\Kernel.php(197): Symfony\\Component\\Console\\Application->run(Object(Symfony\\Component\\Console\\Input\\ArgvInput), Object(Symfony\\Component\\Console\\Output\\ConsoleOutput))
#43 C:\\Users\\lukep\\Desktop\\sortcoll\\laravel-alt\\laravelPair-1\\vendor\\laravel\\framework\\src\\Illuminate\\Foundation\\Application.php(1234): Illuminate\\Foundation\\Console\\Kernel->handle(Object(Symfony\\Component\\Console\\Input\\ArgvInput), Object(Symfony\\Component\\Console\\Output\\ConsoleOutput))
#44 C:\\Users\\lukep\\Desktop\\sortcoll\\laravel-alt\\laravelPair-1\\artisan(16): Illuminate\\Foundation\\Application->handleCommand(Object(Symfony\\Component\\Console\\Input\\ArgvInput))
#45 {main}
"} 
[2025-05-24 13:21:55] local.ERROR: Unable to parse URI: https://:443 {"exception":"[object] (GuzzleHttp\\Psr7\\Exception\\MalformedUriException(code: 0): Unable to parse URI: https://:443 at C:\\Users\\lukep\\Desktop\\sortcoll\\laravel-alt\\laravelPair-1\\vendor\\guzzlehttp\\psr7\\src\\Uri.php:85)
[stacktrace]
#0 C:\\Users\\lukep\\Desktop\\sortcoll\\laravel-alt\\laravelPair-1\\vendor\\guzzlehttp\\psr7\\src\\Utils.php(472): GuzzleHttp\\Psr7\\Uri->__construct('https://:443')
#1 C:\\Users\\lukep\\Desktop\\sortcoll\\laravel-alt\\laravelPair-1\\vendor\\guzzlehttp\\guzzle\\src\\Client.php(215): GuzzleHttp\\Psr7\\Utils::uriFor('https://:443')
#2 C:\\Users\\lukep\\Desktop\\sortcoll\\laravel-alt\\laravelPair-1\\vendor\\guzzlehttp\\guzzle\\src\\Client.php(161): GuzzleHttp\\Client->buildUri(Object(GuzzleHttp\\Psr7\\Uri), Array)
#3 C:\\Users\\lukep\\Desktop\\sortcoll\\laravel-alt\\laravelPair-1\\vendor\\guzzlehttp\\guzzle\\src\\Client.php(189): GuzzleHttp\\Client->requestAsync('POST', 'apps/1997710/ev...', Array)
#4 C:\\Users\\lukep\\Desktop\\sortcoll\\laravel-alt\\laravelPair-1\\vendor\\guzzlehttp\\guzzle\\src\\ClientTrait.php(95): GuzzleHttp\\Client->request('POST', 'apps/1997710/ev...', Array)
#5 C:\\Users\\lukep\\Desktop\\sortcoll\\laravel-alt\\laravelPair-1\\vendor\\pusher\\pusher-php-server\\src\\Pusher.php(776): GuzzleHttp\\Client->post('apps/1997710/ev...', Array)
#6 C:\\Users\\lukep\\Desktop\\sortcoll\\laravel-alt\\laravelPair-1\\vendor\\pusher\\pusher-php-server\\src\\Pusher.php(441): Pusher\\Pusher->post('/apps/1997710/e...', '{\"name\":\"App\\\\\\\\E...')
#7 C:\\Users\\lukep\\Desktop\\sortcoll\\laravel-alt\\laravelPair-1\\vendor\\laravel\\framework\\src\\Illuminate\\Broadcasting\\Broadcasters\\PusherBroadcaster.php(160): Pusher\\Pusher->trigger(Array, 'App\\\\Events\\\\Grou...', Array, Array)
#8 C:\\Users\\lukep\\Desktop\\sortcoll\\laravel-alt\\laravelPair-1\\vendor\\laravel\\framework\\src\\Illuminate\\Collections\\Traits\\EnumeratesValues.php(274): Illuminate\\Broadcasting\\Broadcasters\\PusherBroadcaster->Illuminate\\Broadcasting\\Broadcasters\\{closure}(Object(Illuminate\\Support\\Collection), 0)
#9 C:\\Users\\lukep\\Desktop\\sortcoll\\laravel-alt\\laravelPair-1\\vendor\\laravel\\framework\\src\\Illuminate\\Broadcasting\\Broadcasters\\PusherBroadcaster.php(159): Illuminate\\Support\\Collection->each(Object(Closure))
#10 C:\\Users\\lukep\\Desktop\\sortcoll\\laravel-alt\\laravelPair-1\\vendor\\laravel\\framework\\src\\Illuminate\\Broadcasting\\BroadcastEvent.php(93): Illuminate\\Broadcasting\\Broadcasters\\PusherBroadcaster->broadcast(Object(Illuminate\\Support\\Collection), 'App\\\\Events\\\\Grou...', Array)
#11 C:\\Users\\lukep\\Desktop\\sortcoll\\laravel-alt\\laravelPair-1\\vendor\\laravel\\framework\\src\\Illuminate\\Container\\BoundMethod.php(36): Illuminate\\Broadcasting\\BroadcastEvent->handle(Object(Illuminate\\Broadcasting\\BroadcastManager))
#12 C:\\Users\\lukep\\Desktop\\sortcoll\\laravel-alt\\laravelPair-1\\vendor\\laravel\\framework\\src\\Illuminate\\Container\\Util.php(43): Illuminate\\Container\\BoundMethod::Illuminate\\Container\\{closure}()
#13 C:\\Users\\lukep\\Desktop\\sortcoll\\laravel-alt\\laravelPair-1\\vendor\\laravel\\framework\\src\\Illuminate\\Container\\BoundMethod.php(96): Illuminate\\Container\\Util::unwrapIfClosure(Object(Closure))
#14 C:\\Users\\lukep\\Desktop\\sortcoll\\laravel-alt\\laravelPair-1\\vendor\\laravel\\framework\\src\\Illuminate\\Container\\BoundMethod.php(35): Illuminate\\Container\\BoundMethod::callBoundMethod(Object(Illuminate\\Foundation\\Application), Array, Object(Closure))
#15 C:\\Users\\lukep\\Desktop\\sortcoll\\laravel-alt\\laravelPair-1\\vendor\\laravel\\framework\\src\\Illuminate\\Container\\Container.php(754): Illuminate\\Container\\BoundMethod::call(Object(Illuminate\\Foundation\\Application), Array, Array, NULL)
#16 C:\\Users\\lukep\\Desktop\\sortcoll\\laravel-alt\\laravelPair-1\\vendor\\laravel\\framework\\src\\Illuminate\\Bus\\Dispatcher.php(132): Illuminate\\Container\\Container->call(Array)
#17 C:\\Users\\lukep\\Desktop\\sortcoll\\laravel-alt\\laravelPair-1\\vendor\\laravel\\framework\\src\\Illuminate\\Pipeline\\Pipeline.php(169): Illuminate\\Bus\\Dispatcher->Illuminate\\Bus\\{closure}(Object(Illuminate\\Broadcasting\\BroadcastEvent))
#18 C:\\Users\\lukep\\Desktop\\sortcoll\\laravel-alt\\laravelPair-1\\vendor\\laravel\\framework\\src\\Illuminate\\Pipeline\\Pipeline.php(126): Illuminate\\Pipeline\\Pipeline->Illuminate\\Pipeline\\{closure}(Object(Illuminate\\Broadcasting\\BroadcastEvent))
#19 C:\\Users\\lukep\\Desktop\\sortcoll\\laravel-alt\\laravelPair-1\\vendor\\laravel\\framework\\src\\Illuminate\\Bus\\Dispatcher.php(136): Illuminate\\Pipeline\\Pipeline->then(Object(Closure))
#20 C:\\Users\\lukep\\Desktop\\sortcoll\\laravel-alt\\laravelPair-1\\vendor\\laravel\\framework\\src\\Illuminate\\Queue\\CallQueuedHandler.php(125): Illuminate\\Bus\\Dispatcher->dispatchNow(Object(Illuminate\\Broadcasting\\BroadcastEvent), false)
#21 C:\\Users\\lukep\\Desktop\\sortcoll\\laravel-alt\\laravelPair-1\\vendor\\laravel\\framework\\src\\Illuminate\\Pipeline\\Pipeline.php(169): Illuminate\\Queue\\CallQueuedHandler->Illuminate\\Queue\\{closure}(Object(Illuminate\\Broadcasting\\BroadcastEvent))
#22 C:\\Users\\lukep\\Desktop\\sortcoll\\laravel-alt\\laravelPair-1\\vendor\\laravel\\framework\\src\\Illuminate\\Pipeline\\Pipeline.php(126): Illuminate\\Pipeline\\Pipeline->Illuminate\\Pipeline\\{closure}(Object(Illuminate\\Broadcasting\\BroadcastEvent))
#23 C:\\Users\\lukep\\Desktop\\sortcoll\\laravel-alt\\laravelPair-1\\vendor\\laravel\\framework\\src\\Illuminate\\Queue\\CallQueuedHandler.php(120): Illuminate\\Pipeline\\Pipeline->then(Object(Closure))
#24 C:\\Users\\lukep\\Desktop\\sortcoll\\laravel-alt\\laravelPair-1\\vendor\\laravel\\framework\\src\\Illuminate\\Queue\\CallQueuedHandler.php(68): Illuminate\\Queue\\CallQueuedHandler->dispatchThroughMiddleware(Object(Illuminate\\Queue\\Jobs\\DatabaseJob), Object(Illuminate\\Broadcasting\\BroadcastEvent))
#25 C:\\Users\\lukep\\Desktop\\sortcoll\\laravel-alt\\laravelPair-1\\vendor\\laravel\\framework\\src\\Illuminate\\Queue\\Jobs\\Job.php(102): Illuminate\\Queue\\CallQueuedHandler->call(Object(Illuminate\\Queue\\Jobs\\DatabaseJob), Array)
#26 C:\\Users\\lukep\\Desktop\\sortcoll\\laravel-alt\\laravelPair-1\\vendor\\laravel\\framework\\src\\Illuminate\\Queue\\Worker.php(441): Illuminate\\Queue\\Jobs\\Job->fire()
#27 C:\\Users\\lukep\\Desktop\\sortcoll\\laravel-alt\\laravelPair-1\\vendor\\laravel\\framework\\src\\Illuminate\\Queue\\Worker.php(391): Illuminate\\Queue\\Worker->process('database', Object(Illuminate\\Queue\\Jobs\\DatabaseJob), Object(Illuminate\\Queue\\WorkerOptions))
#28 C:\\Users\\lukep\\Desktop\\sortcoll\\laravel-alt\\laravelPair-1\\vendor\\laravel\\framework\\src\\Illuminate\\Queue\\Worker.php(177): Illuminate\\Queue\\Worker->runJob(Object(Illuminate\\Queue\\Jobs\\DatabaseJob), 'database', Object(Illuminate\\Queue\\WorkerOptions))
#29 C:\\Users\\lukep\\Desktop\\sortcoll\\laravel-alt\\laravelPair-1\\vendor\\laravel\\framework\\src\\Illuminate\\Queue\\Console\\WorkCommand.php(148): Illuminate\\Queue\\Worker->daemon('database', 'default', Object(Illuminate\\Queue\\WorkerOptions))
#30 C:\\Users\\lukep\\Desktop\\sortcoll\\laravel-alt\\laravelPair-1\\vendor\\laravel\\framework\\src\\Illuminate\\Queue\\Console\\WorkCommand.php(131): Illuminate\\Queue\\Console\\WorkCommand->runWorker('database', 'default')
#31 C:\\Users\\lukep\\Desktop\\sortcoll\\laravel-alt\\laravelPair-1\\vendor\\laravel\\framework\\src\\Illuminate\\Container\\BoundMethod.php(36): Illuminate\\Queue\\Console\\WorkCommand->handle()
#32 C:\\Users\\lukep\\Desktop\\sortcoll\\laravel-alt\\laravelPair-1\\vendor\\laravel\\framework\\src\\Illuminate\\Container\\Util.php(43): Illuminate\\Container\\BoundMethod::Illuminate\\Container\\{closure}()
#33 C:\\Users\\lukep\\Desktop\\sortcoll\\laravel-alt\\laravelPair-1\\vendor\\laravel\\framework\\src\\Illuminate\\Container\\BoundMethod.php(96): Illuminate\\Container\\Util::unwrapIfClosure(Object(Closure))
#34 C:\\Users\\lukep\\Desktop\\sortcoll\\laravel-alt\\laravelPair-1\\vendor\\laravel\\framework\\src\\Illuminate\\Container\\BoundMethod.php(35): Illuminate\\Container\\BoundMethod::callBoundMethod(Object(Illuminate\\Foundation\\Application), Array, Object(Closure))
#35 C:\\Users\\lukep\\Desktop\\sortcoll\\laravel-alt\\laravelPair-1\\vendor\\laravel\\framework\\src\\Illuminate\\Container\\Container.php(754): Illuminate\\Container\\BoundMethod::call(Object(Illuminate\\Foundation\\Application), Array, Array, NULL)
#36 C:\\Users\\lukep\\Desktop\\sortcoll\\laravel-alt\\laravelPair-1\\vendor\\laravel\\framework\\src\\Illuminate\\Console\\Command.php(211): Illuminate\\Container\\Container->call(Array)
#37 C:\\Users\\lukep\\Desktop\\sortcoll\\laravel-alt\\laravelPair-1\\vendor\\symfony\\console\\Command\\Command.php(279): Illuminate\\Console\\Command->execute(Object(Symfony\\Component\\Console\\Input\\ArgvInput), Object(Illuminate\\Console\\OutputStyle))
#38 C:\\Users\\lukep\\Desktop\\sortcoll\\laravel-alt\\laravelPair-1\\vendor\\laravel\\framework\\src\\Illuminate\\Console\\Command.php(180): Symfony\\Component\\Console\\Command\\Command->run(Object(Symfony\\Component\\Console\\Input\\ArgvInput), Object(Illuminate\\Console\\OutputStyle))
#39 C:\\Users\\lukep\\Desktop\\sortcoll\\laravel-alt\\laravelPair-1\\vendor\\symfony\\console\\Application.php(1094): Illuminate\\Console\\Command->run(Object(Symfony\\Component\\Console\\Input\\ArgvInput), Object(Symfony\\Component\\Console\\Output\\ConsoleOutput))
#40 C:\\Users\\lukep\\Desktop\\sortcoll\\laravel-alt\\laravelPair-1\\vendor\\symfony\\console\\Application.php(342): Symfony\\Component\\Console\\Application->doRunCommand(Object(Illuminate\\Queue\\Console\\WorkCommand), Object(Symfony\\Component\\Console\\Input\\ArgvInput), Object(Symfony\\Component\\Console\\Output\\ConsoleOutput))
#41 C:\\Users\\lukep\\Desktop\\sortcoll\\laravel-alt\\laravelPair-1\\vendor\\symfony\\console\\Application.php(193): Symfony\\Component\\Console\\Application->doRun(Object(Symfony\\Component\\Console\\Input\\ArgvInput), Object(Symfony\\Component\\Console\\Output\\ConsoleOutput))
#42 C:\\Users\\lukep\\Desktop\\sortcoll\\laravel-alt\\laravelPair-1\\vendor\\laravel\\framework\\src\\Illuminate\\Foundation\\Console\\Kernel.php(197): Symfony\\Component\\Console\\Application->run(Object(Symfony\\Component\\Console\\Input\\ArgvInput), Object(Symfony\\Component\\Console\\Output\\ConsoleOutput))
#43 C:\\Users\\lukep\\Desktop\\sortcoll\\laravel-alt\\laravelPair-1\\vendor\\laravel\\framework\\src\\Illuminate\\Foundation\\Application.php(1234): Illuminate\\Foundation\\Console\\Kernel->handle(Object(Symfony\\Component\\Console\\Input\\ArgvInput), Object(Symfony\\Component\\Console\\Output\\ConsoleOutput))
#44 C:\\Users\\lukep\\Desktop\\sortcoll\\laravel-alt\\laravelPair-1\\artisan(16): Illuminate\\Foundation\\Application->handleCommand(Object(Symfony\\Component\\Console\\Input\\ArgvInput))
#45 {main}
"} 
[2025-05-24 13:22:46] local.ERROR: There are no commands defined in the "queue:failed" namespace.

Did you mean this?
    queue {"exception":"[object] (Symfony\\Component\\Console\\Exception\\NamespaceNotFoundException(code: 0): There are no commands defined in the \"queue:failed\" namespace.

Did you mean this?
    queue at C:\\Users\\lukep\\Desktop\\sortcoll\\laravel-alt\\laravelPair-1\\vendor\\symfony\\console\\Application.php:660)
[stacktrace]
#0 C:\\Users\\lukep\\Desktop\\sortcoll\\laravel-alt\\laravelPair-1\\vendor\\symfony\\console\\Application.php(709): Symfony\\Component\\Console\\Application->findNamespace('queue:failed')
#1 C:\\Users\\lukep\\Desktop\\sortcoll\\laravel-alt\\laravelPair-1\\vendor\\symfony\\console\\Application.php(284): Symfony\\Component\\Console\\Application->find('queue:failed:sh...')
#2 C:\\Users\\lukep\\Desktop\\sortcoll\\laravel-alt\\laravelPair-1\\vendor\\symfony\\console\\Application.php(193): Symfony\\Component\\Console\\Application->doRun(Object(Symfony\\Component\\Console\\Input\\ArgvInput), Object(Symfony\\Component\\Console\\Output\\ConsoleOutput))
#3 C:\\Users\\lukep\\Desktop\\sortcoll\\laravel-alt\\laravelPair-1\\vendor\\laravel\\framework\\src\\Illuminate\\Foundation\\Console\\Kernel.php(197): Symfony\\Component\\Console\\Application->run(Object(Symfony\\Component\\Console\\Input\\ArgvInput), Object(Symfony\\Component\\Console\\Output\\ConsoleOutput))
#4 C:\\Users\\lukep\\Desktop\\sortcoll\\laravel-alt\\laravelPair-1\\vendor\\laravel\\framework\\src\\Illuminate\\Foundation\\Application.php(1234): Illuminate\\Foundation\\Console\\Kernel->handle(Object(Symfony\\Component\\Console\\Input\\ArgvInput), Object(Symfony\\Component\\Console\\Output\\ConsoleOutput))
#5 C:\\Users\\lukep\\Desktop\\sortcoll\\laravel-alt\\laravelPair-1\\artisan(16): Illuminate\\Foundation\\Application->handleCommand(Object(Symfony\\Component\\Console\\Input\\ArgvInput))
#6 {main}
"} 
[2025-05-24 13:31:05] local.ERROR: Unable to parse URI: https://:443 {"exception":"[object] (GuzzleHttp\\Psr7\\Exception\\MalformedUriException(code: 0): Unable to parse URI: https://:443 at C:\\Users\\lukep\\Desktop\\sortcoll\\laravel-alt\\laravelPair-1\\vendor\\guzzlehttp\\psr7\\src\\Uri.php:85)
[stacktrace]
#0 C:\\Users\\lukep\\Desktop\\sortcoll\\laravel-alt\\laravelPair-1\\vendor\\guzzlehttp\\psr7\\src\\Utils.php(472): GuzzleHttp\\Psr7\\Uri->__construct('https://:443')
#1 C:\\Users\\lukep\\Desktop\\sortcoll\\laravel-alt\\laravelPair-1\\vendor\\guzzlehttp\\guzzle\\src\\Client.php(215): GuzzleHttp\\Psr7\\Utils::uriFor('https://:443')
#2 C:\\Users\\lukep\\Desktop\\sortcoll\\laravel-alt\\laravelPair-1\\vendor\\guzzlehttp\\guzzle\\src\\Client.php(161): GuzzleHttp\\Client->buildUri(Object(GuzzleHttp\\Psr7\\Uri), Array)
#3 C:\\Users\\lukep\\Desktop\\sortcoll\\laravel-alt\\laravelPair-1\\vendor\\guzzlehttp\\guzzle\\src\\Client.php(189): GuzzleHttp\\Client->requestAsync('POST', 'apps/1997710/ev...', Array)
#4 C:\\Users\\lukep\\Desktop\\sortcoll\\laravel-alt\\laravelPair-1\\vendor\\guzzlehttp\\guzzle\\src\\ClientTrait.php(95): GuzzleHttp\\Client->request('POST', 'apps/1997710/ev...', Array)
#5 C:\\Users\\lukep\\Desktop\\sortcoll\\laravel-alt\\laravelPair-1\\vendor\\pusher\\pusher-php-server\\src\\Pusher.php(776): GuzzleHttp\\Client->post('apps/1997710/ev...', Array)
#6 C:\\Users\\lukep\\Desktop\\sortcoll\\laravel-alt\\laravelPair-1\\vendor\\pusher\\pusher-php-server\\src\\Pusher.php(441): Pusher\\Pusher->post('/apps/1997710/e...', '{\"name\":\"App\\\\\\\\E...')
#7 C:\\Users\\lukep\\Desktop\\sortcoll\\laravel-alt\\laravelPair-1\\vendor\\laravel\\framework\\src\\Illuminate\\Broadcasting\\Broadcasters\\PusherBroadcaster.php(160): Pusher\\Pusher->trigger(Array, 'App\\\\Events\\\\Grou...', Array, Array)
#8 C:\\Users\\lukep\\Desktop\\sortcoll\\laravel-alt\\laravelPair-1\\vendor\\laravel\\framework\\src\\Illuminate\\Collections\\Traits\\EnumeratesValues.php(274): Illuminate\\Broadcasting\\Broadcasters\\PusherBroadcaster->Illuminate\\Broadcasting\\Broadcasters\\{closure}(Object(Illuminate\\Support\\Collection), 0)
#9 C:\\Users\\lukep\\Desktop\\sortcoll\\laravel-alt\\laravelPair-1\\vendor\\laravel\\framework\\src\\Illuminate\\Broadcasting\\Broadcasters\\PusherBroadcaster.php(159): Illuminate\\Support\\Collection->each(Object(Closure))
#10 C:\\Users\\lukep\\Desktop\\sortcoll\\laravel-alt\\laravelPair-1\\vendor\\laravel\\framework\\src\\Illuminate\\Broadcasting\\BroadcastEvent.php(93): Illuminate\\Broadcasting\\Broadcasters\\PusherBroadcaster->broadcast(Object(Illuminate\\Support\\Collection), 'App\\\\Events\\\\Grou...', Array)
#11 C:\\Users\\lukep\\Desktop\\sortcoll\\laravel-alt\\laravelPair-1\\vendor\\laravel\\framework\\src\\Illuminate\\Container\\BoundMethod.php(36): Illuminate\\Broadcasting\\BroadcastEvent->handle(Object(Illuminate\\Broadcasting\\BroadcastManager))
#12 C:\\Users\\lukep\\Desktop\\sortcoll\\laravel-alt\\laravelPair-1\\vendor\\laravel\\framework\\src\\Illuminate\\Container\\Util.php(43): Illuminate\\Container\\BoundMethod::Illuminate\\Container\\{closure}()
#13 C:\\Users\\lukep\\Desktop\\sortcoll\\laravel-alt\\laravelPair-1\\vendor\\laravel\\framework\\src\\Illuminate\\Container\\BoundMethod.php(96): Illuminate\\Container\\Util::unwrapIfClosure(Object(Closure))
#14 C:\\Users\\lukep\\Desktop\\sortcoll\\laravel-alt\\laravelPair-1\\vendor\\laravel\\framework\\src\\Illuminate\\Container\\BoundMethod.php(35): Illuminate\\Container\\BoundMethod::callBoundMethod(Object(Illuminate\\Foundation\\Application), Array, Object(Closure))
#15 C:\\Users\\lukep\\Desktop\\sortcoll\\laravel-alt\\laravelPair-1\\vendor\\laravel\\framework\\src\\Illuminate\\Container\\Container.php(754): Illuminate\\Container\\BoundMethod::call(Object(Illuminate\\Foundation\\Application), Array, Array, NULL)
#16 C:\\Users\\lukep\\Desktop\\sortcoll\\laravel-alt\\laravelPair-1\\vendor\\laravel\\framework\\src\\Illuminate\\Bus\\Dispatcher.php(132): Illuminate\\Container\\Container->call(Array)
#17 C:\\Users\\lukep\\Desktop\\sortcoll\\laravel-alt\\laravelPair-1\\vendor\\laravel\\framework\\src\\Illuminate\\Pipeline\\Pipeline.php(169): Illuminate\\Bus\\Dispatcher->Illuminate\\Bus\\{closure}(Object(Illuminate\\Broadcasting\\BroadcastEvent))
#18 C:\\Users\\lukep\\Desktop\\sortcoll\\laravel-alt\\laravelPair-1\\vendor\\laravel\\framework\\src\\Illuminate\\Pipeline\\Pipeline.php(126): Illuminate\\Pipeline\\Pipeline->Illuminate\\Pipeline\\{closure}(Object(Illuminate\\Broadcasting\\BroadcastEvent))
#19 C:\\Users\\lukep\\Desktop\\sortcoll\\laravel-alt\\laravelPair-1\\vendor\\laravel\\framework\\src\\Illuminate\\Bus\\Dispatcher.php(136): Illuminate\\Pipeline\\Pipeline->then(Object(Closure))
#20 C:\\Users\\lukep\\Desktop\\sortcoll\\laravel-alt\\laravelPair-1\\vendor\\laravel\\framework\\src\\Illuminate\\Queue\\CallQueuedHandler.php(125): Illuminate\\Bus\\Dispatcher->dispatchNow(Object(Illuminate\\Broadcasting\\BroadcastEvent), false)
#21 C:\\Users\\lukep\\Desktop\\sortcoll\\laravel-alt\\laravelPair-1\\vendor\\laravel\\framework\\src\\Illuminate\\Pipeline\\Pipeline.php(169): Illuminate\\Queue\\CallQueuedHandler->Illuminate\\Queue\\{closure}(Object(Illuminate\\Broadcasting\\BroadcastEvent))
#22 C:\\Users\\lukep\\Desktop\\sortcoll\\laravel-alt\\laravelPair-1\\vendor\\laravel\\framework\\src\\Illuminate\\Pipeline\\Pipeline.php(126): Illuminate\\Pipeline\\Pipeline->Illuminate\\Pipeline\\{closure}(Object(Illuminate\\Broadcasting\\BroadcastEvent))
#23 C:\\Users\\lukep\\Desktop\\sortcoll\\laravel-alt\\laravelPair-1\\vendor\\laravel\\framework\\src\\Illuminate\\Queue\\CallQueuedHandler.php(120): Illuminate\\Pipeline\\Pipeline->then(Object(Closure))
#24 C:\\Users\\lukep\\Desktop\\sortcoll\\laravel-alt\\laravelPair-1\\vendor\\laravel\\framework\\src\\Illuminate\\Queue\\CallQueuedHandler.php(68): Illuminate\\Queue\\CallQueuedHandler->dispatchThroughMiddleware(Object(Illuminate\\Queue\\Jobs\\DatabaseJob), Object(Illuminate\\Broadcasting\\BroadcastEvent))
#25 C:\\Users\\lukep\\Desktop\\sortcoll\\laravel-alt\\laravelPair-1\\vendor\\laravel\\framework\\src\\Illuminate\\Queue\\Jobs\\Job.php(102): Illuminate\\Queue\\CallQueuedHandler->call(Object(Illuminate\\Queue\\Jobs\\DatabaseJob), Array)
#26 C:\\Users\\lukep\\Desktop\\sortcoll\\laravel-alt\\laravelPair-1\\vendor\\laravel\\framework\\src\\Illuminate\\Queue\\Worker.php(441): Illuminate\\Queue\\Jobs\\Job->fire()
#27 C:\\Users\\lukep\\Desktop\\sortcoll\\laravel-alt\\laravelPair-1\\vendor\\laravel\\framework\\src\\Illuminate\\Queue\\Worker.php(391): Illuminate\\Queue\\Worker->process('database', Object(Illuminate\\Queue\\Jobs\\DatabaseJob), Object(Illuminate\\Queue\\WorkerOptions))
#28 C:\\Users\\lukep\\Desktop\\sortcoll\\laravel-alt\\laravelPair-1\\vendor\\laravel\\framework\\src\\Illuminate\\Queue\\Worker.php(177): Illuminate\\Queue\\Worker->runJob(Object(Illuminate\\Queue\\Jobs\\DatabaseJob), 'database', Object(Illuminate\\Queue\\WorkerOptions))
#29 C:\\Users\\lukep\\Desktop\\sortcoll\\laravel-alt\\laravelPair-1\\vendor\\laravel\\framework\\src\\Illuminate\\Queue\\Console\\WorkCommand.php(148): Illuminate\\Queue\\Worker->daemon('database', 'default', Object(Illuminate\\Queue\\WorkerOptions))
#30 C:\\Users\\lukep\\Desktop\\sortcoll\\laravel-alt\\laravelPair-1\\vendor\\laravel\\framework\\src\\Illuminate\\Queue\\Console\\WorkCommand.php(131): Illuminate\\Queue\\Console\\WorkCommand->runWorker('database', 'default')
#31 C:\\Users\\lukep\\Desktop\\sortcoll\\laravel-alt\\laravelPair-1\\vendor\\laravel\\framework\\src\\Illuminate\\Container\\BoundMethod.php(36): Illuminate\\Queue\\Console\\WorkCommand->handle()
#32 C:\\Users\\lukep\\Desktop\\sortcoll\\laravel-alt\\laravelPair-1\\vendor\\laravel\\framework\\src\\Illuminate\\Container\\Util.php(43): Illuminate\\Container\\BoundMethod::Illuminate\\Container\\{closure}()
#33 C:\\Users\\lukep\\Desktop\\sortcoll\\laravel-alt\\laravelPair-1\\vendor\\laravel\\framework\\src\\Illuminate\\Container\\BoundMethod.php(96): Illuminate\\Container\\Util::unwrapIfClosure(Object(Closure))
#34 C:\\Users\\lukep\\Desktop\\sortcoll\\laravel-alt\\laravelPair-1\\vendor\\laravel\\framework\\src\\Illuminate\\Container\\BoundMethod.php(35): Illuminate\\Container\\BoundMethod::callBoundMethod(Object(Illuminate\\Foundation\\Application), Array, Object(Closure))
#35 C:\\Users\\lukep\\Desktop\\sortcoll\\laravel-alt\\laravelPair-1\\vendor\\laravel\\framework\\src\\Illuminate\\Container\\Container.php(754): Illuminate\\Container\\BoundMethod::call(Object(Illuminate\\Foundation\\Application), Array, Array, NULL)
#36 C:\\Users\\lukep\\Desktop\\sortcoll\\laravel-alt\\laravelPair-1\\vendor\\laravel\\framework\\src\\Illuminate\\Console\\Command.php(211): Illuminate\\Container\\Container->call(Array)
#37 C:\\Users\\lukep\\Desktop\\sortcoll\\laravel-alt\\laravelPair-1\\vendor\\symfony\\console\\Command\\Command.php(279): Illuminate\\Console\\Command->execute(Object(Symfony\\Component\\Console\\Input\\ArgvInput), Object(Illuminate\\Console\\OutputStyle))
#38 C:\\Users\\lukep\\Desktop\\sortcoll\\laravel-alt\\laravelPair-1\\vendor\\laravel\\framework\\src\\Illuminate\\Console\\Command.php(180): Symfony\\Component\\Console\\Command\\Command->run(Object(Symfony\\Component\\Console\\Input\\ArgvInput), Object(Illuminate\\Console\\OutputStyle))
#39 C:\\Users\\lukep\\Desktop\\sortcoll\\laravel-alt\\laravelPair-1\\vendor\\symfony\\console\\Application.php(1094): Illuminate\\Console\\Command->run(Object(Symfony\\Component\\Console\\Input\\ArgvInput), Object(Symfony\\Component\\Console\\Output\\ConsoleOutput))
#40 C:\\Users\\lukep\\Desktop\\sortcoll\\laravel-alt\\laravelPair-1\\vendor\\symfony\\console\\Application.php(342): Symfony\\Component\\Console\\Application->doRunCommand(Object(Illuminate\\Queue\\Console\\WorkCommand), Object(Symfony\\Component\\Console\\Input\\ArgvInput), Object(Symfony\\Component\\Console\\Output\\ConsoleOutput))
#41 C:\\Users\\lukep\\Desktop\\sortcoll\\laravel-alt\\laravelPair-1\\vendor\\symfony\\console\\Application.php(193): Symfony\\Component\\Console\\Application->doRun(Object(Symfony\\Component\\Console\\Input\\ArgvInput), Object(Symfony\\Component\\Console\\Output\\ConsoleOutput))
#42 C:\\Users\\lukep\\Desktop\\sortcoll\\laravel-alt\\laravelPair-1\\vendor\\laravel\\framework\\src\\Illuminate\\Foundation\\Console\\Kernel.php(197): Symfony\\Component\\Console\\Application->run(Object(Symfony\\Component\\Console\\Input\\ArgvInput), Object(Symfony\\Component\\Console\\Output\\ConsoleOutput))
#43 C:\\Users\\lukep\\Desktop\\sortcoll\\laravel-alt\\laravelPair-1\\vendor\\laravel\\framework\\src\\Illuminate\\Foundation\\Application.php(1234): Illuminate\\Foundation\\Console\\Kernel->handle(Object(Symfony\\Component\\Console\\Input\\ArgvInput), Object(Symfony\\Component\\Console\\Output\\ConsoleOutput))
#44 C:\\Users\\lukep\\Desktop\\sortcoll\\laravel-alt\\laravelPair-1\\artisan(16): Illuminate\\Foundation\\Application->handleCommand(Object(Symfony\\Component\\Console\\Input\\ArgvInput))
#45 {main}
"} 
[2025-05-24 13:34:15] local.ERROR: Unable to parse URI: https://:443 {"exception":"[object] (GuzzleHttp\\Psr7\\Exception\\MalformedUriException(code: 0): Unable to parse URI: https://:443 at C:\\Users\\lukep\\Desktop\\sortcoll\\laravel-alt\\laravelPair-1\\vendor\\guzzlehttp\\psr7\\src\\Uri.php:85)
[stacktrace]
#0 C:\\Users\\lukep\\Desktop\\sortcoll\\laravel-alt\\laravelPair-1\\vendor\\guzzlehttp\\psr7\\src\\Utils.php(472): GuzzleHttp\\Psr7\\Uri->__construct('https://:443')
#1 C:\\Users\\lukep\\Desktop\\sortcoll\\laravel-alt\\laravelPair-1\\vendor\\guzzlehttp\\guzzle\\src\\Client.php(215): GuzzleHttp\\Psr7\\Utils::uriFor('https://:443')
#2 C:\\Users\\lukep\\Desktop\\sortcoll\\laravel-alt\\laravelPair-1\\vendor\\guzzlehttp\\guzzle\\src\\Client.php(161): GuzzleHttp\\Client->buildUri(Object(GuzzleHttp\\Psr7\\Uri), Array)
#3 C:\\Users\\lukep\\Desktop\\sortcoll\\laravel-alt\\laravelPair-1\\vendor\\guzzlehttp\\guzzle\\src\\Client.php(189): GuzzleHttp\\Client->requestAsync('POST', 'apps/1997710/ev...', Array)
#4 C:\\Users\\lukep\\Desktop\\sortcoll\\laravel-alt\\laravelPair-1\\vendor\\guzzlehttp\\guzzle\\src\\ClientTrait.php(95): GuzzleHttp\\Client->request('POST', 'apps/1997710/ev...', Array)
#5 C:\\Users\\lukep\\Desktop\\sortcoll\\laravel-alt\\laravelPair-1\\vendor\\pusher\\pusher-php-server\\src\\Pusher.php(776): GuzzleHttp\\Client->post('apps/1997710/ev...', Array)
#6 C:\\Users\\lukep\\Desktop\\sortcoll\\laravel-alt\\laravelPair-1\\vendor\\pusher\\pusher-php-server\\src\\Pusher.php(441): Pusher\\Pusher->post('/apps/1997710/e...', '{\"name\":\"App\\\\\\\\E...')
#7 C:\\Users\\lukep\\Desktop\\sortcoll\\laravel-alt\\laravelPair-1\\vendor\\laravel\\framework\\src\\Illuminate\\Broadcasting\\Broadcasters\\PusherBroadcaster.php(160): Pusher\\Pusher->trigger(Array, 'App\\\\Events\\\\Grou...', Array, Array)
#8 C:\\Users\\lukep\\Desktop\\sortcoll\\laravel-alt\\laravelPair-1\\vendor\\laravel\\framework\\src\\Illuminate\\Collections\\Traits\\EnumeratesValues.php(274): Illuminate\\Broadcasting\\Broadcasters\\PusherBroadcaster->Illuminate\\Broadcasting\\Broadcasters\\{closure}(Object(Illuminate\\Support\\Collection), 0)
#9 C:\\Users\\lukep\\Desktop\\sortcoll\\laravel-alt\\laravelPair-1\\vendor\\laravel\\framework\\src\\Illuminate\\Broadcasting\\Broadcasters\\PusherBroadcaster.php(159): Illuminate\\Support\\Collection->each(Object(Closure))
#10 C:\\Users\\lukep\\Desktop\\sortcoll\\laravel-alt\\laravelPair-1\\vendor\\laravel\\framework\\src\\Illuminate\\Broadcasting\\BroadcastEvent.php(93): Illuminate\\Broadcasting\\Broadcasters\\PusherBroadcaster->broadcast(Object(Illuminate\\Support\\Collection), 'App\\\\Events\\\\Grou...', Array)
#11 C:\\Users\\lukep\\Desktop\\sortcoll\\laravel-alt\\laravelPair-1\\vendor\\laravel\\framework\\src\\Illuminate\\Container\\BoundMethod.php(36): Illuminate\\Broadcasting\\BroadcastEvent->handle(Object(Illuminate\\Broadcasting\\BroadcastManager))
#12 C:\\Users\\lukep\\Desktop\\sortcoll\\laravel-alt\\laravelPair-1\\vendor\\laravel\\framework\\src\\Illuminate\\Container\\Util.php(43): Illuminate\\Container\\BoundMethod::Illuminate\\Container\\{closure}()
#13 C:\\Users\\lukep\\Desktop\\sortcoll\\laravel-alt\\laravelPair-1\\vendor\\laravel\\framework\\src\\Illuminate\\Container\\BoundMethod.php(96): Illuminate\\Container\\Util::unwrapIfClosure(Object(Closure))
#14 C:\\Users\\lukep\\Desktop\\sortcoll\\laravel-alt\\laravelPair-1\\vendor\\laravel\\framework\\src\\Illuminate\\Container\\BoundMethod.php(35): Illuminate\\Container\\BoundMethod::callBoundMethod(Object(Illuminate\\Foundation\\Application), Array, Object(Closure))
#15 C:\\Users\\lukep\\Desktop\\sortcoll\\laravel-alt\\laravelPair-1\\vendor\\laravel\\framework\\src\\Illuminate\\Container\\Container.php(754): Illuminate\\Container\\BoundMethod::call(Object(Illuminate\\Foundation\\Application), Array, Array, NULL)
#16 C:\\Users\\lukep\\Desktop\\sortcoll\\laravel-alt\\laravelPair-1\\vendor\\laravel\\framework\\src\\Illuminate\\Bus\\Dispatcher.php(132): Illuminate\\Container\\Container->call(Array)
#17 C:\\Users\\lukep\\Desktop\\sortcoll\\laravel-alt\\laravelPair-1\\vendor\\laravel\\framework\\src\\Illuminate\\Pipeline\\Pipeline.php(169): Illuminate\\Bus\\Dispatcher->Illuminate\\Bus\\{closure}(Object(Illuminate\\Broadcasting\\BroadcastEvent))
#18 C:\\Users\\lukep\\Desktop\\sortcoll\\laravel-alt\\laravelPair-1\\vendor\\laravel\\framework\\src\\Illuminate\\Pipeline\\Pipeline.php(126): Illuminate\\Pipeline\\Pipeline->Illuminate\\Pipeline\\{closure}(Object(Illuminate\\Broadcasting\\BroadcastEvent))
#19 C:\\Users\\lukep\\Desktop\\sortcoll\\laravel-alt\\laravelPair-1\\vendor\\laravel\\framework\\src\\Illuminate\\Bus\\Dispatcher.php(136): Illuminate\\Pipeline\\Pipeline->then(Object(Closure))
#20 C:\\Users\\lukep\\Desktop\\sortcoll\\laravel-alt\\laravelPair-1\\vendor\\laravel\\framework\\src\\Illuminate\\Queue\\CallQueuedHandler.php(125): Illuminate\\Bus\\Dispatcher->dispatchNow(Object(Illuminate\\Broadcasting\\BroadcastEvent), false)
#21 C:\\Users\\lukep\\Desktop\\sortcoll\\laravel-alt\\laravelPair-1\\vendor\\laravel\\framework\\src\\Illuminate\\Pipeline\\Pipeline.php(169): Illuminate\\Queue\\CallQueuedHandler->Illuminate\\Queue\\{closure}(Object(Illuminate\\Broadcasting\\BroadcastEvent))
#22 C:\\Users\\lukep\\Desktop\\sortcoll\\laravel-alt\\laravelPair-1\\vendor\\laravel\\framework\\src\\Illuminate\\Pipeline\\Pipeline.php(126): Illuminate\\Pipeline\\Pipeline->Illuminate\\Pipeline\\{closure}(Object(Illuminate\\Broadcasting\\BroadcastEvent))
#23 C:\\Users\\lukep\\Desktop\\sortcoll\\laravel-alt\\laravelPair-1\\vendor\\laravel\\framework\\src\\Illuminate\\Queue\\CallQueuedHandler.php(120): Illuminate\\Pipeline\\Pipeline->then(Object(Closure))
#24 C:\\Users\\lukep\\Desktop\\sortcoll\\laravel-alt\\laravelPair-1\\vendor\\laravel\\framework\\src\\Illuminate\\Queue\\CallQueuedHandler.php(68): Illuminate\\Queue\\CallQueuedHandler->dispatchThroughMiddleware(Object(Illuminate\\Queue\\Jobs\\DatabaseJob), Object(Illuminate\\Broadcasting\\BroadcastEvent))
#25 C:\\Users\\lukep\\Desktop\\sortcoll\\laravel-alt\\laravelPair-1\\vendor\\laravel\\framework\\src\\Illuminate\\Queue\\Jobs\\Job.php(102): Illuminate\\Queue\\CallQueuedHandler->call(Object(Illuminate\\Queue\\Jobs\\DatabaseJob), Array)
#26 C:\\Users\\lukep\\Desktop\\sortcoll\\laravel-alt\\laravelPair-1\\vendor\\laravel\\framework\\src\\Illuminate\\Queue\\Worker.php(441): Illuminate\\Queue\\Jobs\\Job->fire()
#27 C:\\Users\\lukep\\Desktop\\sortcoll\\laravel-alt\\laravelPair-1\\vendor\\laravel\\framework\\src\\Illuminate\\Queue\\Worker.php(391): Illuminate\\Queue\\Worker->process('database', Object(Illuminate\\Queue\\Jobs\\DatabaseJob), Object(Illuminate\\Queue\\WorkerOptions))
#28 C:\\Users\\lukep\\Desktop\\sortcoll\\laravel-alt\\laravelPair-1\\vendor\\laravel\\framework\\src\\Illuminate\\Queue\\Worker.php(177): Illuminate\\Queue\\Worker->runJob(Object(Illuminate\\Queue\\Jobs\\DatabaseJob), 'database', Object(Illuminate\\Queue\\WorkerOptions))
#29 C:\\Users\\lukep\\Desktop\\sortcoll\\laravel-alt\\laravelPair-1\\vendor\\laravel\\framework\\src\\Illuminate\\Queue\\Console\\WorkCommand.php(148): Illuminate\\Queue\\Worker->daemon('database', 'default', Object(Illuminate\\Queue\\WorkerOptions))
#30 C:\\Users\\lukep\\Desktop\\sortcoll\\laravel-alt\\laravelPair-1\\vendor\\laravel\\framework\\src\\Illuminate\\Queue\\Console\\WorkCommand.php(131): Illuminate\\Queue\\Console\\WorkCommand->runWorker('database', 'default')
#31 C:\\Users\\lukep\\Desktop\\sortcoll\\laravel-alt\\laravelPair-1\\vendor\\laravel\\framework\\src\\Illuminate\\Container\\BoundMethod.php(36): Illuminate\\Queue\\Console\\WorkCommand->handle()
#32 C:\\Users\\lukep\\Desktop\\sortcoll\\laravel-alt\\laravelPair-1\\vendor\\laravel\\framework\\src\\Illuminate\\Container\\Util.php(43): Illuminate\\Container\\BoundMethod::Illuminate\\Container\\{closure}()
#33 C:\\Users\\lukep\\Desktop\\sortcoll\\laravel-alt\\laravelPair-1\\vendor\\laravel\\framework\\src\\Illuminate\\Container\\BoundMethod.php(96): Illuminate\\Container\\Util::unwrapIfClosure(Object(Closure))
#34 C:\\Users\\lukep\\Desktop\\sortcoll\\laravel-alt\\laravelPair-1\\vendor\\laravel\\framework\\src\\Illuminate\\Container\\BoundMethod.php(35): Illuminate\\Container\\BoundMethod::callBoundMethod(Object(Illuminate\\Foundation\\Application), Array, Object(Closure))
#35 C:\\Users\\lukep\\Desktop\\sortcoll\\laravel-alt\\laravelPair-1\\vendor\\laravel\\framework\\src\\Illuminate\\Container\\Container.php(754): Illuminate\\Container\\BoundMethod::call(Object(Illuminate\\Foundation\\Application), Array, Array, NULL)
#36 C:\\Users\\lukep\\Desktop\\sortcoll\\laravel-alt\\laravelPair-1\\vendor\\laravel\\framework\\src\\Illuminate\\Console\\Command.php(211): Illuminate\\Container\\Container->call(Array)
#37 C:\\Users\\lukep\\Desktop\\sortcoll\\laravel-alt\\laravelPair-1\\vendor\\symfony\\console\\Command\\Command.php(279): Illuminate\\Console\\Command->execute(Object(Symfony\\Component\\Console\\Input\\ArgvInput), Object(Illuminate\\Console\\OutputStyle))
#38 C:\\Users\\lukep\\Desktop\\sortcoll\\laravel-alt\\laravelPair-1\\vendor\\laravel\\framework\\src\\Illuminate\\Console\\Command.php(180): Symfony\\Component\\Console\\Command\\Command->run(Object(Symfony\\Component\\Console\\Input\\ArgvInput), Object(Illuminate\\Console\\OutputStyle))
#39 C:\\Users\\lukep\\Desktop\\sortcoll\\laravel-alt\\laravelPair-1\\vendor\\symfony\\console\\Application.php(1094): Illuminate\\Console\\Command->run(Object(Symfony\\Component\\Console\\Input\\ArgvInput), Object(Symfony\\Component\\Console\\Output\\ConsoleOutput))
#40 C:\\Users\\lukep\\Desktop\\sortcoll\\laravel-alt\\laravelPair-1\\vendor\\symfony\\console\\Application.php(342): Symfony\\Component\\Console\\Application->doRunCommand(Object(Illuminate\\Queue\\Console\\WorkCommand), Object(Symfony\\Component\\Console\\Input\\ArgvInput), Object(Symfony\\Component\\Console\\Output\\ConsoleOutput))
#41 C:\\Users\\lukep\\Desktop\\sortcoll\\laravel-alt\\laravelPair-1\\vendor\\symfony\\console\\Application.php(193): Symfony\\Component\\Console\\Application->doRun(Object(Symfony\\Component\\Console\\Input\\ArgvInput), Object(Symfony\\Component\\Console\\Output\\ConsoleOutput))
#42 C:\\Users\\lukep\\Desktop\\sortcoll\\laravel-alt\\laravelPair-1\\vendor\\laravel\\framework\\src\\Illuminate\\Foundation\\Console\\Kernel.php(197): Symfony\\Component\\Console\\Application->run(Object(Symfony\\Component\\Console\\Input\\ArgvInput), Object(Symfony\\Component\\Console\\Output\\ConsoleOutput))
#43 C:\\Users\\lukep\\Desktop\\sortcoll\\laravel-alt\\laravelPair-1\\vendor\\laravel\\framework\\src\\Illuminate\\Foundation\\Application.php(1234): Illuminate\\Foundation\\Console\\Kernel->handle(Object(Symfony\\Component\\Console\\Input\\ArgvInput), Object(Symfony\\Component\\Console\\Output\\ConsoleOutput))
#44 C:\\Users\\lukep\\Desktop\\sortcoll\\laravel-alt\\laravelPair-1\\artisan(16): Illuminate\\Foundation\\Application->handleCommand(Object(Symfony\\Component\\Console\\Input\\ArgvInput))
#45 {main}
"} 
